<?xml version="1.0" encoding="UTF-8"?>
<!-- Generated by org.testng.reporters.JUnitReportReporter -->
<testsuite skipped="0" hostname="Ranjeet-MacBook-Pro.local" name="Com.Ecommerce.TestCases.TC_LoginTestcase" tests="1" failures="0" timestamp="2023-06-29T23:51:54 IST" time="22.249" errors="0">
  <testcase name="LoginTestCase" time="22.249" classname="Com.Ecommerce.TestCases.TC_LoginTestcase"/>
  <system-out/>
</testsuite> <!-- Com.Ecommerce.TestCases.TC_LoginTestcase -->
