<?xml version="1.0" encoding="UTF-8"?>
<!-- Generated by org.testng.reporters.JUnitReportReporter -->
<testsuite skipped="0" hostname="Ranjeet-MacBook-Pro.local" name="Com.Ecommerce.TestCases.TC_NewRegistration" tests="1" failures="0" timestamp="2023-06-29T23:51:54 IST" time="14.660" errors="0">
  <testcase name="Registration" time="14.660" classname="Com.Ecommerce.TestCases.TC_NewRegistration"/>
  <system-out/>
</testsuite> <!-- Com.Ecommerce.TestCases.TC_NewRegistration -->
